2025-10-05 14:20:45,691 - INFO - === Embedding Script Start ===
2025-10-05 14:20:45,724 - INFO - Use pytorch device_name: mps
2025-10-05 14:20:45,724 - INFO - Load pretrained SentenceTransformer: BAAI/bge-m3
2025-10-05 14:21:50,229 - INFO - Loaded model: BAAI/bge-m3
2025-10-05 14:31:24,926 - INFO - === Embedding Script Start ===
2025-10-05 14:31:24,941 - INFO - Use pytorch device_name: mps
2025-10-05 14:31:24,941 - INFO - Load pretrained SentenceTransformer: BAAI/bge-m3
2025-10-05 14:31:27,689 - INFO - Loaded model: BAAI/bge-m3
2025-10-05 14:31:28,242 - INFO - Loaded 0 nodes with text from /Users/michaelsimons/Documents/GitHub/digitai/data/p5/neo4jNodeEmbeddings.jsonl
2025-10-05 14:31:28,242 - ERROR - No text nodes found in the input file. Cannot proceed.
2025-10-05 14:31:51,225 - INFO - === Embedding Script Start ===
2025-10-05 14:31:51,236 - INFO - Use pytorch device_name: mps
2025-10-05 14:31:51,236 - INFO - Load pretrained SentenceTransformer: BAAI/bge-m3
2025-10-05 14:31:53,937 - INFO - Loaded model: BAAI/bge-m3
2025-10-05 14:31:54,491 - INFO - Loaded 0 nodes with text from /Users/michaelsimons/Documents/GitHub/digitai/data/p5/neo4jNodeEmbeddings.jsonl
2025-10-05 14:31:54,491 - ERROR - No text nodes found in the input file. Cannot proceed.
2025-10-05 15:02:04,756 - INFO - === Embedding Script Start ===
2025-10-05 15:02:04,767 - INFO - Use pytorch device_name: mps
2025-10-05 15:02:04,767 - INFO - Load pretrained SentenceTransformer: BAAI/bge-m3
2025-10-05 15:02:07,477 - INFO - Loaded model: BAAI/bge-m3
2025-10-05 15:02:07,484 - INFO - Loaded 3313 nodes with text from /Users/michaelsimons/Documents/GitHub/digitai/data/p5/p5Neo4j.jsonl
2025-10-05 15:02:13,842 - INFO - Embedded batch 0 to 16
2025-10-05 15:02:14,349 - INFO - Embedded batch 16 to 32
2025-10-05 15:02:15,588 - INFO - Embedded batch 32 to 48
2025-10-05 15:04:17,628 - INFO - Embedded batch 48 to 64
2025-10-05 15:04:20,266 - INFO - Embedded batch 64 to 80
2025-10-05 15:04:20,840 - INFO - Embedded batch 80 to 96
2025-10-05 15:04:22,092 - INFO - Embedded batch 96 to 112
2025-10-05 15:04:22,992 - INFO - Embedded batch 112 to 128
2025-10-05 15:04:23,630 - INFO - Embedded batch 128 to 144
2025-10-05 15:04:24,374 - INFO - Embedded batch 144 to 160
2025-10-05 15:04:25,025 - INFO - Embedded batch 160 to 176
2025-10-05 15:04:25,440 - INFO - Embedded batch 176 to 192
2025-10-05 15:04:25,810 - INFO - Embedded batch 192 to 208
2025-10-05 15:04:26,322 - INFO - Embedded batch 208 to 224
2025-10-05 15:04:26,802 - INFO - Embedded batch 224 to 240
2025-10-05 15:04:27,272 - INFO - Embedded batch 240 to 256
2025-10-05 15:04:27,709 - INFO - Embedded batch 256 to 272
2025-10-05 15:04:29,036 - INFO - Embedded batch 272 to 288
2025-10-05 15:04:30,174 - INFO - Embedded batch 288 to 304
2025-10-05 15:04:30,486 - INFO - Embedded batch 304 to 320
2025-10-05 15:04:31,526 - INFO - Embedded batch 320 to 336
2025-10-05 15:04:33,015 - INFO - Embedded batch 336 to 352
2025-10-05 15:04:33,630 - INFO - Embedded batch 352 to 368
2025-10-05 15:04:34,038 - INFO - Embedded batch 368 to 384
2025-10-05 15:04:34,485 - INFO - Embedded batch 384 to 400
2025-10-05 15:04:34,937 - INFO - Embedded batch 400 to 416
2025-10-05 15:04:35,566 - INFO - Embedded batch 416 to 432
2025-10-05 15:04:36,086 - INFO - Embedded batch 432 to 448
2025-10-05 15:04:36,648 - INFO - Embedded batch 448 to 464
2025-10-05 15:04:37,517 - INFO - Embedded batch 464 to 480
2025-10-05 15:04:37,918 - INFO - Embedded batch 480 to 496
2025-10-05 15:04:38,311 - INFO - Embedded batch 496 to 512
2025-10-05 15:04:38,712 - INFO - Embedded batch 512 to 528
2025-10-05 15:04:39,036 - INFO - Embedded batch 528 to 544
2025-10-05 15:04:39,400 - INFO - Embedded batch 544 to 560
2025-10-05 15:04:39,696 - INFO - Embedded batch 560 to 576
2025-10-05 15:04:40,021 - INFO - Embedded batch 576 to 592
2025-10-05 15:04:40,623 - INFO - Embedded batch 592 to 608
2025-10-05 15:04:41,614 - INFO - Embedded batch 608 to 624
2025-10-05 15:04:42,462 - INFO - Embedded batch 624 to 640
2025-10-05 15:04:42,942 - INFO - Embedded batch 640 to 656
2025-10-05 15:04:43,525 - INFO - Embedded batch 656 to 672
2025-10-05 15:04:47,062 - INFO - Embedded batch 672 to 688
2025-10-05 15:04:47,387 - INFO - Embedded batch 688 to 704
2025-10-05 15:04:47,882 - INFO - Embedded batch 704 to 720
2025-10-05 15:04:48,624 - INFO - Embedded batch 720 to 736
2025-10-05 15:04:48,957 - INFO - Embedded batch 736 to 752
2025-10-05 15:04:49,495 - INFO - Embedded batch 752 to 768
2025-10-05 15:04:49,849 - INFO - Embedded batch 768 to 784
2025-10-05 15:04:50,359 - INFO - Embedded batch 784 to 800
2025-10-05 15:04:50,739 - INFO - Embedded batch 800 to 816
2025-10-05 15:04:51,667 - INFO - Embedded batch 816 to 832
2025-10-05 15:04:52,023 - INFO - Embedded batch 832 to 848
2025-10-05 15:04:52,441 - INFO - Embedded batch 848 to 864
2025-10-05 15:04:53,109 - INFO - Embedded batch 864 to 880
2025-10-05 15:04:54,150 - INFO - Embedded batch 880 to 896
2025-10-05 15:04:54,688 - INFO - Embedded batch 896 to 912
2025-10-05 15:04:54,975 - INFO - Embedded batch 912 to 928
2025-10-05 15:05:14,172 - INFO - Embedded batch 928 to 944
2025-10-05 15:05:15,770 - INFO - Embedded batch 944 to 960
2025-10-05 15:05:16,605 - INFO - Embedded batch 960 to 976
2025-10-05 15:05:17,169 - INFO - Embedded batch 976 to 992
2025-10-05 15:05:17,595 - INFO - Embedded batch 992 to 1008
2025-10-05 15:05:17,916 - INFO - Embedded batch 1008 to 1024
2025-10-05 15:05:18,370 - INFO - Embedded batch 1024 to 1040
2025-10-05 15:05:18,936 - INFO - Embedded batch 1040 to 1056
2025-10-05 15:05:19,390 - INFO - Embedded batch 1056 to 1072
2025-10-05 15:05:19,779 - INFO - Embedded batch 1072 to 1088
2025-10-05 15:05:20,451 - INFO - Embedded batch 1088 to 1104
2025-10-05 15:05:20,844 - INFO - Embedded batch 1104 to 1120
2025-10-05 15:05:21,595 - INFO - Embedded batch 1120 to 1136
2025-10-05 15:05:22,015 - INFO - Embedded batch 1136 to 1152
2025-10-05 15:05:22,856 - INFO - Embedded batch 1152 to 1168
2025-10-05 15:05:31,549 - INFO - Embedded batch 1168 to 1184
2025-10-05 15:05:32,295 - INFO - Embedded batch 1184 to 1200
2025-10-05 15:05:32,640 - INFO - Embedded batch 1200 to 1216
2025-10-05 15:05:35,205 - INFO - Embedded batch 1216 to 1232
2025-10-05 15:05:36,483 - INFO - Embedded batch 1232 to 1248
2025-10-05 15:05:37,336 - INFO - Embedded batch 1248 to 1264
2025-10-05 15:05:37,785 - INFO - Embedded batch 1264 to 1280
2025-10-05 15:05:38,913 - INFO - Embedded batch 1280 to 1296
2025-10-05 15:05:40,923 - INFO - Embedded batch 1296 to 1312
2025-10-05 15:05:41,797 - INFO - Embedded batch 1312 to 1328
2025-10-05 15:05:42,432 - INFO - Embedded batch 1328 to 1344
2025-10-05 15:05:43,682 - INFO - Embedded batch 1344 to 1360
2025-10-05 15:05:44,287 - INFO - Embedded batch 1360 to 1376
2025-10-05 15:05:44,767 - INFO - Embedded batch 1376 to 1392
2025-10-05 15:05:45,809 - INFO - Embedded batch 1392 to 1408
2025-10-05 15:05:46,545 - INFO - Embedded batch 1408 to 1424
2025-10-05 15:05:47,044 - INFO - Embedded batch 1424 to 1440
2025-10-05 15:05:47,527 - INFO - Embedded batch 1440 to 1456
2025-10-05 15:05:48,270 - INFO - Embedded batch 1456 to 1472
2025-10-05 15:05:48,679 - INFO - Embedded batch 1472 to 1488
2025-10-05 15:05:49,089 - INFO - Embedded batch 1488 to 1504
2025-10-05 15:05:50,437 - INFO - Embedded batch 1504 to 1520
2025-10-05 15:05:51,044 - INFO - Embedded batch 1520 to 1536
2025-10-05 15:05:51,504 - INFO - Embedded batch 1536 to 1552
2025-10-05 15:05:51,951 - INFO - Embedded batch 1552 to 1568
2025-10-05 15:05:52,408 - INFO - Embedded batch 1568 to 1584
2025-10-05 15:05:52,806 - INFO - Embedded batch 1584 to 1600
2025-10-05 15:05:53,633 - INFO - Embedded batch 1600 to 1616
2025-10-05 15:05:54,120 - INFO - Embedded batch 1616 to 1632
2025-10-05 15:05:55,292 - INFO - Embedded batch 1632 to 1648
2025-10-05 15:05:56,449 - INFO - Embedded batch 1648 to 1664
2025-10-05 15:05:57,499 - INFO - Embedded batch 1664 to 1680
2025-10-05 15:05:58,245 - INFO - Embedded batch 1680 to 1696
2025-10-05 15:05:58,806 - INFO - Embedded batch 1696 to 1712
2025-10-05 15:06:00,492 - INFO - Embedded batch 1712 to 1728
2025-10-05 15:06:01,007 - INFO - Embedded batch 1728 to 1744
2025-10-05 15:07:49,500 - INFO - Embedded batch 1744 to 1760
2025-10-05 15:07:55,907 - INFO - Embedded batch 1760 to 1776
2025-10-05 15:07:56,520 - INFO - Embedded batch 1776 to 1792
2025-10-05 15:07:58,286 - INFO - Embedded batch 1792 to 1808
2025-10-05 15:07:58,898 - INFO - Embedded batch 1808 to 1824
2025-10-05 15:07:59,382 - INFO - Embedded batch 1824 to 1840
2025-10-05 15:07:59,861 - INFO - Embedded batch 1840 to 1856
2025-10-05 15:08:00,406 - INFO - Embedded batch 1856 to 1872
2025-10-05 15:08:02,551 - INFO - Embedded batch 1872 to 1888
2025-10-05 15:08:03,143 - INFO - Embedded batch 1888 to 1904
2025-10-05 15:08:03,654 - INFO - Embedded batch 1904 to 1920
2025-10-05 15:08:04,818 - INFO - Embedded batch 1920 to 1936
2025-10-05 15:08:06,682 - INFO - Embedded batch 1936 to 1952
2025-10-05 15:08:07,231 - INFO - Embedded batch 1952 to 1968
2025-10-05 15:08:07,889 - INFO - Embedded batch 1968 to 1984
2025-10-05 15:08:08,724 - INFO - Embedded batch 1984 to 2000
2025-10-05 15:08:09,949 - INFO - Embedded batch 2000 to 2016
2025-10-05 15:08:10,614 - INFO - Embedded batch 2016 to 2032
2025-10-05 15:08:11,200 - INFO - Embedded batch 2032 to 2048
2025-10-05 15:08:12,885 - INFO - Embedded batch 2048 to 2064
2025-10-05 15:08:13,449 - INFO - Embedded batch 2064 to 2080
2025-10-05 15:08:13,905 - INFO - Embedded batch 2080 to 2096
2025-10-05 15:08:15,361 - INFO - Embedded batch 2096 to 2112
2025-10-05 15:08:23,796 - INFO - Embedded batch 2112 to 2128
2025-10-05 15:08:25,430 - INFO - Embedded batch 2128 to 2144
2025-10-05 15:08:26,031 - INFO - Embedded batch 2144 to 2160
2025-10-05 15:08:27,091 - INFO - Embedded batch 2160 to 2176
2025-10-05 15:08:27,572 - INFO - Embedded batch 2176 to 2192
2025-10-05 15:08:27,929 - INFO - Embedded batch 2192 to 2208
2025-10-05 15:08:29,136 - INFO - Embedded batch 2208 to 2224
2025-10-05 15:08:30,482 - INFO - Embedded batch 2224 to 2240
2025-10-05 15:08:30,929 - INFO - Embedded batch 2240 to 2256
2025-10-05 15:08:31,411 - INFO - Embedded batch 2256 to 2272
2025-10-05 15:08:32,847 - INFO - Embedded batch 2272 to 2288
2025-10-05 15:08:33,292 - INFO - Embedded batch 2288 to 2304
2025-10-05 15:08:33,712 - INFO - Embedded batch 2304 to 2320
2025-10-05 15:08:34,339 - INFO - Embedded batch 2320 to 2336
2025-10-05 15:08:35,448 - INFO - Embedded batch 2336 to 2352
2025-10-05 15:08:35,864 - INFO - Embedded batch 2352 to 2368
2025-10-05 15:08:36,413 - INFO - Embedded batch 2368 to 2384
2025-10-05 15:08:37,126 - INFO - Embedded batch 2384 to 2400
2025-10-05 15:08:37,937 - INFO - Embedded batch 2400 to 2416
2025-10-05 15:08:38,935 - INFO - Embedded batch 2416 to 2432
2025-10-05 15:08:39,544 - INFO - Embedded batch 2432 to 2448
2025-10-05 15:08:40,711 - INFO - Embedded batch 2448 to 2464
2025-10-05 15:08:41,241 - INFO - Embedded batch 2464 to 2480
2025-10-05 15:08:42,797 - INFO - Embedded batch 2480 to 2496
2025-10-05 15:08:43,426 - INFO - Embedded batch 2496 to 2512
2025-10-05 15:08:44,014 - INFO - Embedded batch 2512 to 2528
2025-10-05 15:08:45,329 - INFO - Embedded batch 2528 to 2544
2025-10-05 15:08:46,422 - INFO - Embedded batch 2544 to 2560
2025-10-05 15:08:47,623 - INFO - Embedded batch 2560 to 2576
2025-10-05 15:08:48,559 - INFO - Embedded batch 2576 to 2592
2025-10-05 15:08:49,104 - INFO - Embedded batch 2592 to 2608
2025-10-05 15:08:49,749 - INFO - Embedded batch 2608 to 2624
2025-10-05 15:08:50,969 - INFO - Embedded batch 2624 to 2640
2025-10-05 15:08:51,587 - INFO - Embedded batch 2640 to 2656
2025-10-05 15:08:52,119 - INFO - Embedded batch 2656 to 2672
2025-10-05 15:08:52,575 - INFO - Embedded batch 2672 to 2688
2025-10-05 15:08:53,058 - INFO - Embedded batch 2688 to 2704
2025-10-05 15:08:53,822 - INFO - Embedded batch 2704 to 2720
2025-10-05 15:08:54,175 - INFO - Embedded batch 2720 to 2736
2025-10-05 15:08:55,014 - INFO - Embedded batch 2736 to 2752
2025-10-05 15:08:55,586 - INFO - Embedded batch 2752 to 2768
2025-10-05 15:08:56,137 - INFO - Embedded batch 2768 to 2784
2025-10-05 15:08:57,649 - INFO - Embedded batch 2784 to 2800
2025-10-05 15:08:58,884 - INFO - Embedded batch 2800 to 2816
2025-10-05 15:08:59,486 - INFO - Embedded batch 2816 to 2832
2025-10-05 15:09:00,191 - INFO - Embedded batch 2832 to 2848
2025-10-05 15:09:00,997 - INFO - Embedded batch 2848 to 2864
2025-10-05 15:09:01,592 - INFO - Embedded batch 2864 to 2880
2025-10-05 15:09:02,107 - INFO - Embedded batch 2880 to 2896
2025-10-05 15:09:03,088 - INFO - Embedded batch 2896 to 2912
2025-10-05 15:09:03,778 - INFO - Embedded batch 2912 to 2928
2025-10-05 15:09:04,257 - INFO - Embedded batch 2928 to 2944
2025-10-05 15:09:04,784 - INFO - Embedded batch 2944 to 2960
2025-10-05 15:09:05,272 - INFO - Embedded batch 2960 to 2976
2025-10-05 15:09:08,646 - INFO - Embedded batch 2976 to 2992
2025-10-05 15:09:09,039 - INFO - Embedded batch 2992 to 3008
2025-10-05 15:09:09,708 - INFO - Embedded batch 3008 to 3024
2025-10-05 15:09:10,066 - INFO - Embedded batch 3024 to 3040
2025-10-05 15:09:10,395 - INFO - Embedded batch 3040 to 3056
2025-10-05 15:09:10,861 - INFO - Embedded batch 3056 to 3072
2025-10-05 15:11:03,200 - INFO - Embedded batch 3072 to 3088
2025-10-05 15:11:11,936 - INFO - Embedded batch 3088 to 3104
2025-10-05 15:11:12,869 - INFO - Embedded batch 3104 to 3120
2025-10-05 15:11:13,300 - INFO - Embedded batch 3120 to 3136
2025-10-05 15:11:13,769 - INFO - Embedded batch 3136 to 3152
2025-10-05 15:11:14,011 - ERROR - Embedding failed for batch 3152 to 3168: Invalid buffer size: 34.72 GB
2025-10-05 15:11:17,364 - INFO - Embedded batch 3168 to 3184
2025-10-05 15:11:17,969 - INFO - Embedded batch 3184 to 3200
2025-10-05 15:11:18,429 - INFO - Embedded batch 3200 to 3216
2025-10-05 15:11:19,275 - INFO - Embedded batch 3216 to 3232
2025-10-05 15:11:20,538 - INFO - Embedded batch 3232 to 3248
2025-10-05 15:11:21,022 - INFO - Embedded batch 3248 to 3264
2025-10-05 15:11:21,784 - INFO - Embedded batch 3264 to 3280
2025-10-05 15:11:22,102 - INFO - Embedded batch 3280 to 3296
2025-10-05 15:11:23,347 - INFO - Embedded batch 3296 to 3312
2025-10-05 15:11:25,726 - INFO - Embedded batch 3312 to 3313
2025-10-05 15:11:25,726 - INFO - Saved embeddings to /Users/michaelsimons/Documents/GitHub/digitai/data/p5/p5Embeddings.jsonl
2025-10-05 15:11:25,726 - INFO - === Embedding Script End ===
